2016-08-17 20:06:10,111 [Start Help Server] INFO  org.eclipse.jetty.util.log - Logging initialized @152860ms
2016-08-17 20:06:10,577 [Start Help Server] INFO  org.eclipse.jetty.server.Server - jetty-9.2.13.v20150730
2016-08-17 20:06:10,703 [Start Help Server] INFO  o.e.j.server.handler.ContextHandler - Started o.e.j.s.ServletContextHandler@3cdb0eb3{/help,null,AVAILABLE}
2016-08-17 20:06:10,739 [Start Help Server] INFO  o.e.jetty.server.ServerConnector - Started ServerConnector@76f1806b{HTTP/1.1}{127.0.0.1:53085}
2016-08-17 20:06:10,740 [Start Help Server] INFO  org.eclipse.jetty.server.Server - Started @153494ms
2016-08-17 20:32:03,855 [Worker-28] INFO  c.g.t.t.d.PublishedGradleVersions - Gradle version information cache file is not available. Remote download required.
2016-08-17 22:43:32,844 [Stop Help Server] INFO  o.e.jetty.server.ServerConnector - Stopped ServerConnector@76f1806b{HTTP/1.1}{127.0.0.1:0}
2016-08-17 22:43:32,861 [Stop Help Server] INFO  o.e.j.server.handler.ContextHandler - Stopped o.e.j.s.ServletContextHandler@3cdb0eb3{/help,null,UNAVAILABLE}
2016-08-20 08:57:45,385 [Start Help Server] INFO  org.eclipse.jetty.util.log - Logging initialized @131731ms
2016-08-20 08:57:45,837 [Start Help Server] INFO  org.eclipse.jetty.server.Server - jetty-9.2.13.v20150730
2016-08-20 08:57:47,826 [Start Help Server] INFO  o.e.j.server.handler.ContextHandler - Started o.e.j.s.ServletContextHandler@45e986a7{/help,null,AVAILABLE}
2016-08-20 08:57:48,553 [Start Help Server] INFO  o.e.jetty.server.ServerConnector - Started ServerConnector@3685ba85{HTTP/1.1}{127.0.0.1:50368}
2016-08-20 08:57:48,553 [Start Help Server] INFO  org.eclipse.jetty.server.Server - Started @134907ms
2016-08-20 09:22:00,581 [main] INFO  c.g.t.t.d.PublishedGradleVersions - Gradle version information cache file is not available. Remote download required.
2016-08-20 13:10:02,006 [Start Help Server] INFO  org.eclipse.jetty.util.log - Logging initialized @148125ms
2016-08-20 13:10:02,253 [Start Help Server] INFO  org.eclipse.jetty.server.Server - jetty-9.2.13.v20150730
2016-08-20 13:10:02,293 [Start Help Server] INFO  o.e.j.server.handler.ContextHandler - Started o.e.j.s.ServletContextHandler@72fda68e{/help,null,AVAILABLE}
2016-08-20 13:10:02,310 [Start Help Server] INFO  o.e.jetty.server.ServerConnector - Started ServerConnector@4f0e800d{HTTP/1.1}{127.0.0.1:51095}
2016-08-20 13:10:02,310 [Start Help Server] INFO  org.eclipse.jetty.server.Server - Started @148432ms
2016-08-20 13:10:09,941 [Worker-25] INFO  c.g.t.t.d.PublishedGradleVersions - Gradle version information cache file is not available. Remote download required.
2016-08-20 16:46:42,269 [Stop Help Server] INFO  o.e.jetty.server.ServerConnector - Stopped ServerConnector@4f0e800d{HTTP/1.1}{127.0.0.1:0}
2016-08-20 16:46:42,287 [Stop Help Server] INFO  o.e.j.server.handler.ContextHandler - Stopped o.e.j.s.ServletContextHandler@72fda68e{/help,null,UNAVAILABLE}
2016-08-24 18:58:45,864 [Start Help Server] INFO  org.eclipse.jetty.util.log - Logging initialized @133346ms
2016-08-24 18:58:46,463 [Start Help Server] INFO  org.eclipse.jetty.server.Server - jetty-9.2.13.v20150730
2016-08-24 18:58:47,208 [Start Help Server] INFO  o.e.j.server.handler.ContextHandler - Started o.e.j.s.ServletContextHandler@52e62f65{/help,null,AVAILABLE}
2016-08-24 18:58:47,504 [Start Help Server] INFO  o.e.jetty.server.ServerConnector - Started ServerConnector@66af1a42{HTTP/1.1}{127.0.0.1:52067}
2016-08-24 18:58:47,505 [Start Help Server] INFO  org.eclipse.jetty.server.Server - Started @134991ms
2016-08-24 20:23:31,636 [main] INFO  c.g.t.t.d.PublishedGradleVersions - Gradle version information cache file is not available. Remote download required.
2016-08-24 22:47:25,221 [Stop Help Server] INFO  o.e.jetty.server.ServerConnector - Stopped ServerConnector@66af1a42{HTTP/1.1}{127.0.0.1:0}
2016-08-24 22:47:25,236 [Stop Help Server] INFO  o.e.j.server.handler.ContextHandler - Stopped o.e.j.s.ServletContextHandler@52e62f65{/help,null,UNAVAILABLE}
2016-08-31 18:48:02,442 [Start Help Server] INFO  org.eclipse.jetty.util.log - Logging initialized @14175ms
2016-08-31 18:48:02,672 [Start Help Server] INFO  org.eclipse.jetty.server.Server - jetty-9.2.13.v20150730
2016-08-31 18:48:02,788 [Start Help Server] INFO  o.e.j.server.handler.ContextHandler - Started o.e.j.s.ServletContextHandler@575eb807{/help,null,AVAILABLE}
2016-08-31 18:48:02,802 [Start Help Server] INFO  o.e.jetty.server.ServerConnector - Started ServerConnector@4c3cdde8{HTTP/1.1}{127.0.0.1:51154}
2016-08-31 18:48:02,803 [Start Help Server] INFO  org.eclipse.jetty.server.Server - Started @14539ms
2016-08-31 19:04:49,782 [Worker-32] INFO  c.g.t.t.d.PublishedGradleVersions - Gradle version information cache file is not available. Remote download required.
2016-08-31 19:04:50,510 [Worker-32] ERROR c.g.t.t.d.PublishedGradleVersions - Cannot download published Gradle versions.
javax.net.ssl.SSLHandshakeException: sun.security.validator.ValidatorException: PKIX path building failed: sun.security.provider.certpath.SunCertPathBuilderException: unable to find valid certification path to requested target
	at sun.security.ssl.Alerts.getSSLException(Unknown Source) ~[na:1.8.0_66]
	at sun.security.ssl.SSLSocketImpl.fatal(Unknown Source) ~[na:1.8.0_66]
	at sun.security.ssl.Handshaker.fatalSE(Unknown Source) ~[na:1.8.0_66]
	at sun.security.ssl.Handshaker.fatalSE(Unknown Source) ~[na:1.8.0_66]
	at sun.security.ssl.ClientHandshaker.serverCertificate(Unknown Source) ~[na:1.8.0_66]
	at sun.security.ssl.ClientHandshaker.processMessage(Unknown Source) ~[na:1.8.0_66]
	at sun.security.ssl.Handshaker.processLoop(Unknown Source) ~[na:1.8.0_66]
	at sun.security.ssl.Handshaker.process_record(Unknown Source) ~[na:1.8.0_66]
	at sun.security.ssl.SSLSocketImpl.readRecord(Unknown Source) ~[na:1.8.0_66]
	at sun.security.ssl.SSLSocketImpl.performInitialHandshake(Unknown Source) ~[na:1.8.0_66]
	at sun.security.ssl.SSLSocketImpl.startHandshake(Unknown Source) ~[na:1.8.0_66]
	at sun.security.ssl.SSLSocketImpl.startHandshake(Unknown Source) ~[na:1.8.0_66]
	at sun.net.www.protocol.https.HttpsClient.afterConnect(Unknown Source) ~[na:1.8.0_66]
	at sun.net.www.protocol.https.AbstractDelegateHttpsURLConnection.connect(Unknown Source) ~[na:1.8.0_66]
	at sun.net.www.protocol.http.HttpURLConnection.getInputStream0(Unknown Source) ~[na:1.8.0_66]
	at sun.net.www.protocol.http.HttpURLConnection.getInputStream(Unknown Source) ~[na:1.8.0_66]
	at sun.net.www.protocol.https.HttpsURLConnectionImpl.getInputStream(Unknown Source) ~[na:1.8.0_66]
	at com.gradleware.tooling.toolingutils.distribution.PublishedGradleVersions.downloadVersionInformation(PublishedGradleVersions.java:167) [com.gradleware.tooling.utils_0.7.0.v201511171412.jar:na]
	at com.gradleware.tooling.toolingutils.distribution.PublishedGradleVersions.create(PublishedGradleVersions.java:150) [com.gradleware.tooling.utils_0.7.0.v201511171412.jar:na]
	at org.eclipse.buildship.core.util.gradle.PublishedGradleVersionsWrapper.create(PublishedGradleVersionsWrapper.java:40) [org.eclipse.buildship.core_1.0.6.v20151126-1638.jar:na]
	at org.eclipse.buildship.core.util.gradle.PublishedGradleVersionsWrapper.<init>(PublishedGradleVersionsWrapper.java:35) [org.eclipse.buildship.core_1.0.6.v20151126-1638.jar:na]
	at org.eclipse.buildship.core.CorePlugin.createPublishedGradleVersions(CorePlugin.java:166) [org.eclipse.buildship.core_1.0.6.v20151126-1638.jar:na]
	at org.eclipse.buildship.core.CorePlugin.registerServices(CorePlugin.java:139) [org.eclipse.buildship.core_1.0.6.v20151126-1638.jar:na]
	at org.eclipse.buildship.core.CorePlugin.start(CorePlugin.java:102) [org.eclipse.buildship.core_1.0.6.v20151126-1638.jar:na]
	at org.eclipse.osgi.internal.framework.BundleContextImpl$3.run(BundleContextImpl.java:771) [org.eclipse.osgi_3.10.101.v20150820-1432.jar:na]
	at org.eclipse.osgi.internal.framework.BundleContextImpl$3.run(BundleContextImpl.java:1) [org.eclipse.osgi_3.10.101.v20150820-1432.jar:na]
	at java.security.AccessController.doPrivileged(Native Method) [na:1.8.0_66]
	at org.eclipse.osgi.internal.framework.BundleContextImpl.startActivator(BundleContextImpl.java:764) [org.eclipse.osgi_3.10.101.v20150820-1432.jar:na]
	at org.eclipse.osgi.internal.framework.BundleContextImpl.start(BundleContextImpl.java:721) [org.eclipse.osgi_3.10.101.v20150820-1432.jar:na]
	at org.eclipse.osgi.internal.framework.EquinoxBundle.startWorker0(EquinoxBundle.java:941) [org.eclipse.osgi_3.10.101.v20150820-1432.jar:na]
	at org.eclipse.osgi.internal.framework.EquinoxBundle$EquinoxModule.startWorker(EquinoxBundle.java:318) [org.eclipse.osgi_3.10.101.v20150820-1432.jar:na]
	at org.eclipse.osgi.container.Module.doStart(Module.java:571) [org.eclipse.osgi_3.10.101.v20150820-1432.jar:na]
	at org.eclipse.osgi.container.Module.start(Module.java:439) [org.eclipse.osgi_3.10.101.v20150820-1432.jar:na]
	at org.eclipse.osgi.framework.util.SecureAction.start(SecureAction.java:454) [org.eclipse.osgi_3.10.101.v20150820-1432.jar:na]
	at org.eclipse.osgi.internal.hooks.EclipseLazyStarter.postFindLocalClass(EclipseLazyStarter.java:107) [org.eclipse.osgi_3.10.101.v20150820-1432.jar:na]
	at org.eclipse.osgi.internal.loader.classpath.ClasspathManager.findLocalClass(ClasspathManager.java:531) [org.eclipse.osgi_3.10.101.v20150820-1432.jar:na]
	at org.eclipse.osgi.internal.loader.ModuleClassLoader.findLocalClass(ModuleClassLoader.java:324) [org.eclipse.osgi_3.10.101.v20150820-1432.jar:na]
	at org.eclipse.osgi.internal.loader.BundleLoader.findLocalClass(BundleLoader.java:327) [org.eclipse.osgi_3.10.101.v20150820-1432.jar:na]
	at org.eclipse.osgi.internal.loader.sources.SingleSourcePackage.loadClass(SingleSourcePackage.java:36) [org.eclipse.osgi_3.10.101.v20150820-1432.jar:na]
	at org.eclipse.osgi.internal.loader.BundleLoader.findClassInternal(BundleLoader.java:398) [org.eclipse.osgi_3.10.101.v20150820-1432.jar:na]
	at org.eclipse.osgi.internal.loader.BundleLoader.findClass(BundleLoader.java:352) [org.eclipse.osgi_3.10.101.v20150820-1432.jar:na]
	at org.eclipse.osgi.internal.loader.BundleLoader.findClass(BundleLoader.java:344) [org.eclipse.osgi_3.10.101.v20150820-1432.jar:na]
	at org.eclipse.osgi.internal.loader.ModuleClassLoader.loadClass(ModuleClassLoader.java:160) [org.eclipse.osgi_3.10.101.v20150820-1432.jar:na]
	at java.lang.ClassLoader.loadClass(Unknown Source) [na:1.8.0_66]
	at java.lang.Class.getDeclaredConstructors0(Native Method) [na:1.8.0_66]
	at java.lang.Class.privateGetDeclaredConstructors(Unknown Source) [na:1.8.0_66]
	at java.lang.Class.getConstructor0(Unknown Source) [na:1.8.0_66]
	at java.lang.Class.newInstance(Unknown Source) [na:1.8.0_66]
	at org.eclipse.osgi.internal.framework.BundleContextImpl.loadBundleActivator(BundleContextImpl.java:755) [org.eclipse.osgi_3.10.101.v20150820-1432.jar:na]
	at org.eclipse.osgi.internal.framework.BundleContextImpl.start(BundleContextImpl.java:706) [org.eclipse.osgi_3.10.101.v20150820-1432.jar:na]
	at org.eclipse.osgi.internal.framework.EquinoxBundle.startWorker0(EquinoxBundle.java:941) [org.eclipse.osgi_3.10.101.v20150820-1432.jar:na]
	at org.eclipse.osgi.internal.framework.EquinoxBundle$EquinoxModule.startWorker(EquinoxBundle.java:318) [org.eclipse.osgi_3.10.101.v20150820-1432.jar:na]
	at org.eclipse.osgi.container.Module.doStart(Module.java:571) [org.eclipse.osgi_3.10.101.v20150820-1432.jar:na]
	at org.eclipse.osgi.container.Module.start(Module.java:439) [org.eclipse.osgi_3.10.101.v20150820-1432.jar:na]
	at org.eclipse.osgi.framework.util.SecureAction.start(SecureAction.java:454) [org.eclipse.osgi_3.10.101.v20150820-1432.jar:na]
	at org.eclipse.osgi.internal.hooks.EclipseLazyStarter.postFindLocalClass(EclipseLazyStarter.java:107) [org.eclipse.osgi_3.10.101.v20150820-1432.jar:na]
	at org.eclipse.osgi.internal.loader.classpath.ClasspathManager.findLocalClass(ClasspathManager.java:531) [org.eclipse.osgi_3.10.101.v20150820-1432.jar:na]
	at org.eclipse.osgi.internal.loader.ModuleClassLoader.findLocalClass(ModuleClassLoader.java:324) [org.eclipse.osgi_3.10.101.v20150820-1432.jar:na]
	at org.eclipse.osgi.internal.loader.BundleLoader.findLocalClass(BundleLoader.java:327) [org.eclipse.osgi_3.10.101.v20150820-1432.jar:na]
	at org.eclipse.osgi.internal.loader.BundleLoader.findClassInternal(BundleLoader.java:402) [org.eclipse.osgi_3.10.101.v20150820-1432.jar:na]
	at org.eclipse.osgi.internal.loader.BundleLoader.findClass(BundleLoader.java:352) [org.eclipse.osgi_3.10.101.v20150820-1432.jar:na]
	at org.eclipse.osgi.internal.loader.BundleLoader.findClass(BundleLoader.java:344) [org.eclipse.osgi_3.10.101.v20150820-1432.jar:na]
	at org.eclipse.osgi.internal.loader.ModuleClassLoader.loadClass(ModuleClassLoader.java:160) [org.eclipse.osgi_3.10.101.v20150820-1432.jar:na]
	at java.lang.ClassLoader.loadClass(Unknown Source) [na:1.8.0_66]
	at org.eclipse.osgi.internal.framework.EquinoxBundle.loadClass(EquinoxBundle.java:573) [org.eclipse.osgi_3.10.101.v20150820-1432.jar:na]
	at org.eclipse.core.internal.registry.osgi.RegistryStrategyOSGI.createExecutableExtension(RegistryStrategyOSGI.java:174) [org.eclipse.equinox.registry_3.6.0.v20150318-1503.jar:na]
	at org.eclipse.core.internal.registry.ExtensionRegistry.createExecutableExtension(ExtensionRegistry.java:905) [org.eclipse.equinox.registry_3.6.0.v20150318-1503.jar:na]
	at org.eclipse.core.internal.registry.ConfigurationElement.createExecutableExtension(ConfigurationElement.java:243) [org.eclipse.equinox.registry_3.6.0.v20150318-1503.jar:na]
	at org.eclipse.core.internal.registry.ConfigurationElementHandle.createExecutableExtension(ConfigurationElementHandle.java:55) [org.eclipse.equinox.registry_3.6.0.v20150318-1503.jar:na]
	at org.eclipse.core.internal.expressions.PropertyTesterDescriptor.instantiate(PropertyTesterDescriptor.java:96) [org.eclipse.core.expressions_3.5.0.v20150421-2214.jar:na]
	at org.eclipse.core.internal.expressions.TypeExtension.findTypeExtender(TypeExtension.java:97) [org.eclipse.core.expressions_3.5.0.v20150421-2214.jar:na]
	at org.eclipse.core.internal.expressions.TypeExtension.findTypeExtender(TypeExtension.java:130) [org.eclipse.core.expressions_3.5.0.v20150421-2214.jar:na]
	at org.eclipse.core.internal.expressions.TypeExtension.findTypeExtender(TypeExtension.java:130) [org.eclipse.core.expressions_3.5.0.v20150421-2214.jar:na]
	at org.eclipse.core.internal.expressions.TypeExtension.findTypeExtender(TypeExtension.java:130) [org.eclipse.core.expressions_3.5.0.v20150421-2214.jar:na]
	at org.eclipse.core.internal.expressions.TypeExtensionManager.getProperty(TypeExtensionManager.java:119) [org.eclipse.core.expressions_3.5.0.v20150421-2214.jar:na]
	at org.eclipse.core.internal.expressions.TestExpression.evaluate(TestExpression.java:97) [org.eclipse.core.expressions_3.5.0.v20150421-2214.jar:na]
	at org.eclipse.core.internal.expressions.CompositeExpression.evaluateAnd(CompositeExpression.java:53) [org.eclipse.core.expressions_3.5.0.v20150421-2214.jar:na]
	at org.eclipse.core.internal.expressions.WithExpression.evaluate(WithExpression.java:75) [org.eclipse.core.expressions_3.5.0.v20150421-2214.jar:na]
	at org.eclipse.core.internal.expressions.CompositeExpression.evaluateAnd(CompositeExpression.java:53) [org.eclipse.core.expressions_3.5.0.v20150421-2214.jar:na]
	at org.eclipse.core.internal.expressions.EnablementExpression.evaluate(EnablementExpression.java:55) [org.eclipse.core.expressions_3.5.0.v20150421-2214.jar:na]
	at org.eclipse.debug.internal.ui.launchConfigurations.LaunchShortcutExtension.evalEnablementExpression(LaunchShortcutExtension.java:281) [org.eclipse.debug.ui_3.11.100.v20150731-1137.jar:na]
	at org.eclipse.debug.internal.ui.contextlaunching.LaunchingResourceManager.getShortcutsForSelection(LaunchingResourceManager.java:455) [org.eclipse.debug.ui_3.11.100.v20150731-1137.jar:na]
	at org.eclipse.debug.internal.ui.contextlaunching.LaunchingResourceManager.computeLabels(LaunchingResourceManager.java:240) [org.eclipse.debug.ui_3.11.100.v20150731-1137.jar:na]
	at org.eclipse.debug.internal.ui.contextlaunching.LaunchingResourceManager$1$1.run(LaunchingResourceManager.java:142) [org.eclipse.debug.ui_3.11.100.v20150731-1137.jar:na]
	at org.eclipse.core.internal.jobs.Worker.run(Worker.java:55) [org.eclipse.core.jobs_3.7.0.v20150330-2103.jar:na]
Caused by: sun.security.validator.ValidatorException: PKIX path building failed: sun.security.provider.certpath.SunCertPathBuilderException: unable to find valid certification path to requested target
	at sun.security.validator.PKIXValidator.doBuild(Unknown Source) ~[na:1.8.0_66]
	at sun.security.validator.PKIXValidator.engineValidate(Unknown Source) ~[na:1.8.0_66]
	at sun.security.validator.Validator.validate(Unknown Source) ~[na:1.8.0_66]
	at sun.security.ssl.X509TrustManagerImpl.validate(Unknown Source) ~[na:1.8.0_66]
	at sun.security.ssl.X509TrustManagerImpl.checkTrusted(Unknown Source) ~[na:1.8.0_66]
	at sun.security.ssl.X509TrustManagerImpl.checkServerTrusted(Unknown Source) ~[na:1.8.0_66]
	... 81 common frames omitted
Caused by: sun.security.provider.certpath.SunCertPathBuilderException: unable to find valid certification path to requested target
	at sun.security.provider.certpath.SunCertPathBuilder.build(Unknown Source) ~[na:1.8.0_66]
	at sun.security.provider.certpath.SunCertPathBuilder.engineBuild(Unknown Source) ~[na:1.8.0_66]
	at java.security.cert.CertPathBuilder.build(Unknown Source) ~[na:1.8.0_66]
	... 87 common frames omitted
2016-08-31 23:06:17,781 [Stop Help Server] INFO  o.e.jetty.server.ServerConnector - Stopped ServerConnector@4c3cdde8{HTTP/1.1}{127.0.0.1:0}
2016-08-31 23:06:17,801 [Stop Help Server] INFO  o.e.j.server.handler.ContextHandler - Stopped o.e.j.s.ServletContextHandler@575eb807{/help,null,UNAVAILABLE}
